12:41:44.031 [main] INFO  TestCases.UI_CheckForInterestRATECalc - *****  Providing  the Interest Rate  to the inputbox  *******
12:41:44.352 [main] INFO  TestCases.UI_CheckForInterestRATECalc - ***** _______________________________ *******
12:41:44.387 [main] INFO  TestCases.UI_CheckForInterestRATECalc - ***** Returning the interest rate value inside that inutbox  *******
12:41:44.387 [main] INFO  TestCases.UI_CheckForInterestRATECalc - ***** _____________________________ *******
12:41:44.622 [main] INFO  TestCases.UI_CheckForInterestRATECalc - ***** Providing the FEES and CHARGES required for applying for  LOAN  *******
12:41:44.978 [main] INFO  TestCases.UI_CheckForInterestRATECalc - ***** __________________________ *******
12:41:44.979 [main] INFO  TestCases.UI_CheckForInterestRATECalc - ***** Returning the Value stored in the inputbox *******
12:41:45.017 [main] INFO  TestCases.UI_CheckForInterestRATECalc - ***** _____________________________ *******
12:41:45.230 [main] INFO  TestCases.UI_CheckForInterestRATECalc - ***** Navigate to next Type of Calculator by clicking on the link *******
12:41:45.230 [main] INFO  TestCases.UI_CheckForInterestRATECalc - ***** Clicking on the INTEREST CALCULATOR *******
12:41:45.417 [main] INFO  TestCases.UI_CheckForInterestRATECalc - ***** ___________________________________ *******
12:41:45.417 [main] INFO  TestCases.UI_CheckForInterestRATECalc - ***** INTEREST CALCULATOR page is opened  *******
12:41:45.417 [main] INFO  TestCases.UI_CheckForInterestRATECalc - ***** =========================================================== *******
12:41:45.759 [main] INFO  TestCases.UI_CheckForInterestRATECalc - ***** Working on the 4th Type of CALCULATOR *******
12:41:45.759 [main] INFO  TestCases.UI_CheckForInterestRATECalc - ****** INTEREST CALCULATOR page is opened  ******
12:41:45.759 [main] INFO  TestCases.UI_CheckForInterestRATECalc - ***** ______________________________ *******
12:41:45.759 [main] INFO  TestCases.UI_CheckForInterestRATECalc - ***** Providing the LOAN amount in the inputbox   *******
12:41:45.973 [main] INFO  TestCases.UI_CheckForInterestRATECalc - ***** Validating the value stored in the inputbox  *******
12:41:46.014 [main] INFO  TestCases.UI_CheckForInterestRATECalc - ***** _____________________________________ *******
12:41:46.231 [main] INFO  TestCases.UI_CheckForInterestRATECalc - ***** Providing the EMI Amount in the inputbox  *******
12:41:46.487 [main] INFO  TestCases.UI_CheckForInterestRATECalc - ***** Validating the value stored in the inputbox  *******
12:41:46.529 [main] INFO  TestCases.UI_CheckForInterestRATECalc - ***** ____________________________________________ *******
12:41:46.736 [main] INFO  TestCases.UI_CheckForInterestRATECalc - ***** Providing the years for which the LOAN is applied for  *******
12:41:47.073 [main] INFO  TestCases.UI_CheckForInterestRATECalc - ***** Validation of value inside the inputbox  *******
12:41:47.107 [main] INFO  TestCases.UI_CheckForInterestRATECalc - ***** __________________________________________ *******
12:41:47.372 [main] INFO  TestCases.UI_CheckForInterestRATECalc - *****  *******
12:41:47.372 [main] INFO  TestCases.UI_CheckForInterestRATECalc - ***** Providing the amount for FEES and CHARGES inside the inputbox  *******
12:41:47.747 [main] INFO  TestCases.UI_CheckForInterestRATECalc - ***** Validating the  value inside the unputbox  *******
12:41:47.800 [main] INFO  TestCases.UI_CheckForInterestRATECalc - ***** _____________________________________ *******
12:41:48.096 [main] INFO  TestCases.UI_CheckForInterestRATECalc - ***** The final outcome is stored and validated after the calculation  *******
12:41:48.149 [main] INFO  TestCases.UI_CheckForInterestRATECalc - *****  AUTOMATION COMPLETED *******
12:41:48.150 [main] INFO  TestCases.UI_CheckForInterestRATECalc - *****     ===================================================== *******
12:41:48.150 [main] INFO  TestCases.UI_CheckForInterestRATECalc - ***** _______________________________________________________________ *******
