14:33:17.743 [main] INFO  TestCases.UI_CheckForInterestRATECalc - ***** ________________________________ *******
14:33:17.959 [main] INFO  TestCases.UI_CheckForInterestRATECalc - ***** Setting the Loan Tennure by providing the number of years into the checkbox *******
14:33:18.169 [main] INFO  TestCases.UI_CheckForInterestRATECalc - ***** ________________________________ *******
14:33:18.169 [main] INFO  TestCases.UI_CheckForInterestRATECalc - ***** Validating the Final data in the checkbox  *******
14:33:18.374 [main] INFO  TestCases.UI_CheckForInterestRATECalc - *****  *******
14:33:18.374 [main] INFO  TestCases.UI_CheckForInterestRATECalc - ***** ________________________________ *******
14:33:18.375 [main] INFO  TestCases.UI_CheckForInterestRATECalc - ***** Providing the value for Fees and Charges charged for LOAN initiation *******
14:33:18.620 [main] INFO  TestCases.UI_CheckForInterestRATECalc - ***** _________________________________________________ *******
14:33:18.620 [main] INFO  TestCases.UI_CheckForInterestRATECalc - ***** Validating the DATA stored in the inputbox *******
14:33:18.620 [main] INFO  TestCases.UI_CheckForInterestRATECalc - ***** Moving on to the next calculator page  *******
14:33:18.620 [main] INFO  TestCases.UI_CheckForInterestRATECalc - *****  *******
14:33:18.744 [main] INFO  TestCases.UI_CheckForInterestRATECalc - *****  *******
14:33:18.745 [main] INFO  TestCases.UI_CheckForInterestRATECalc - ***** EMI Calculator page is opened for Calculation  *******
14:33:18.745 [main] INFO  TestCases.UI_CheckForInterestRATECalc - *****   ==================================================  *******
14:33:18.974 [main] INFO  TestCases.UI_CheckForInterestRATECalc - ***** Working on the THIRD type Calculator  *******
14:33:18.974 [main] INFO  TestCases.UI_CheckForInterestRATECalc - ***** LOAN Tenure Calculator TESTING  *******
14:33:18.990 [main] INFO  TestCases.UI_CheckForInterestRATECalc - ***** _______________________________ *******
14:33:18.990 [main] INFO  TestCases.UI_CheckForInterestRATECalc - ***** Providing the LOAN Amount in the inputbox *******
14:33:22.132 [main] INFO  TestCases.UI_CheckForInterestRATECalc - ***** ______________________________ *******
14:33:22.154 [main] INFO  TestCases.UI_CheckForInterestRATECalc - ***** Validating the result shown in the inputbox *******
14:33:22.370 [main] INFO  TestCases.UI_CheckForInterestRATECalc - *****  *******
14:33:22.371 [main] INFO  TestCases.UI_CheckForInterestRATECalc - ***** Providing the EMI Amount in the inputbox  *******
14:33:32.859 [main] INFO  TestCases.UI_CheckForInterestRATECalc - *****  __________________________________ *******
14:33:32.860 [main] INFO  TestCases.UI_CheckForInterestRATECalc - *****  Providing  the Interest Rate  to the inputbox  *******
14:33:33.081 [main] INFO  TestCases.UI_CheckForInterestRATECalc - ***** _______________________________ *******
14:33:33.109 [main] INFO  TestCases.UI_CheckForInterestRATECalc - ***** Returning the interest rate value inside that inutbox  *******
14:33:33.109 [main] INFO  TestCases.UI_CheckForInterestRATECalc - ***** _____________________________ *******
14:33:33.322 [main] INFO  TestCases.UI_CheckForInterestRATECalc - ***** Providing the FEES and CHARGES required for applying for  LOAN  *******
14:33:33.520 [main] INFO  TestCases.UI_CheckForInterestRATECalc - ***** __________________________ *******
14:33:33.520 [main] INFO  TestCases.UI_CheckForInterestRATECalc - ***** Returning the Value stored in the inputbox *******
14:33:33.545 [main] INFO  TestCases.UI_CheckForInterestRATECalc - ***** _____________________________ *******
14:33:33.713 [main] INFO  TestCases.UI_CheckForInterestRATECalc - ***** Navigate to next Type of Calculator by clicking on the link *******
14:33:33.714 [main] INFO  TestCases.UI_CheckForInterestRATECalc - ***** Clicking on the INTEREST CALCULATOR *******
14:33:33.775 [main] INFO  TestCases.UI_CheckForInterestRATECalc - ***** ___________________________________ *******
14:33:33.776 [main] INFO  TestCases.UI_CheckForInterestRATECalc - ***** INTEREST CALCULATOR page is opened  *******
14:33:33.776 [main] INFO  TestCases.UI_CheckForInterestRATECalc - ***** =========================================================== *******
14:33:34.147 [main] INFO  TestCases.UI_CheckForInterestRATECalc - ***** Working on the 4th Type of CALCULATOR *******
14:33:34.147 [main] INFO  TestCases.UI_CheckForInterestRATECalc - ****** INTEREST CALCULATOR page is opened  ******
14:33:34.147 [main] INFO  TestCases.UI_CheckForInterestRATECalc - ***** ______________________________ *******
14:33:34.147 [main] INFO  TestCases.UI_CheckForInterestRATECalc - ***** Providing the LOAN amount in the inputbox   *******
14:33:34.289 [main] INFO  TestCases.UI_CheckForInterestRATECalc - ***** Validating the value stored in the inputbox  *******
14:33:34.309 [main] INFO  TestCases.UI_CheckForInterestRATECalc - ***** _____________________________________ *******
